<?xml version="1.0" encoding="UTF-8"?>
<!-- Generated by org.testng.reporters.JUnitReportReporter -->
<testsuite hostname="LP95" failures="0" tests="1" name="seleniumpractice.e" time="0.031" errors="0" timestamp="2024-06-05T11:14:07 IST" skipped="0">
  <testcase classname="seleniumpractice.e" name="msee" time="0.031"/>
</testsuite> <!-- seleniumpractice.e -->
