<?xml version="1.0" encoding="UTF-8"?>
<!-- Generated by org.testng.reporters.JUnitReportReporter -->
<testsuite hostname="DESKTOP-KVOUA9J" failures="0" tests="1" name="seleniumpractice.extre" time="2.068" errors="0" timestamp="2024-04-07T23:34:11 IST" skipped="0">
  <testcase classname="seleniumpractice.extre" name="openbrowser" time="2.068"/>
  <system-out/>
</testsuite> <!-- seleniumpractice.extre -->
