<?xml version="1.0" encoding="UTF-8"?>
<!-- Generated by org.testng.reporters.JUnitReportReporter -->
<testsuite hostname="DESKTOP-KVOUA9J" failures="0" tests="1" name="Shalendra.GiftcardCases" time="6.397" errors="0" timestamp="2023-11-14T20:59:52 IST" skipped="0">
  <testcase classname="Shalendra.GiftcardCases" name="name1" time="6.397"/>
  <system-out/>
</testsuite> <!-- Shalendra.GiftcardCases -->
