<?xml version="1.0" encoding="UTF-8"?>
<!-- Generated by org.testng.reporters.JUnitReportReporter -->
<testsuite hostname="DESKTOP-KVOUA9J" failures="0" tests="2" name="Shalendra.grouptestcase" time="0.025" errors="0" timestamp="2023-12-19T01:52:27 IST" skipped="1">
  <testcase classname="Shalendra.grouptestcase" name="group2" time="0.025"/>
  <system-out/>
  <testcase classname="Shalendra.grouptestcase" name="group1">
    <skipped/>
  </testcase> <!-- group1 -->
  <system-out/>
</testsuite> <!-- Shalendra.grouptestcase -->
