<?xml version="1.0" encoding="UTF-8"?>
<!-- Generated by org.testng.reporters.JUnitReportReporter -->
<testsuite hostname="DESKTOP-KVOUA9J" failures="0" tests="2" name="Shalendra.priority1" time="0.014" errors="0" timestamp="2023-10-16T00:19:41 IST" skipped="0">
  <testcase classname="Shalendra.priority1" name="ui" time="0.012"/>
  <system-out/>
  <testcase classname="Shalendra.priority1" name="uim" time="0.002"/>
  <system-out/>
</testsuite> <!-- Shalendra.priority1 -->
