<?xml version="1.0" encoding="UTF-8"?>
<!-- Generated by org.testng.reporters.JUnitReportReporter -->
<testsuite hostname="DESKTOP-KVOUA9J" failures="0" tests="2" name="seleniumpractice.takes" time="7.703" errors="0" timestamp="2024-03-07T00:21:15 IST" skipped="0">
  <testcase classname="seleniumpractice.takes" name="ms" time="3.534"/>
  <system-out/>
  <testcase classname="seleniumpractice.takes" name="ms" time="4.169"/>
  <system-out/>
</testsuite> <!-- seleniumpractice.takes -->
