<?xml version="1.0" encoding="UTF-8"?>
<!-- Generated by org.testng.reporters.JUnitReportReporter -->
<testsuite hostname="DESKTOP-KVOUA9J" failures="0" tests="4" name="seleniumpractice.exc" time="25.129" errors="0" timestamp="2024-03-20T18:04:46 IST" skipped="0">
  <testcase classname="seleniumpractice.exc" name="goggle" time="6.520"/>
  <system-out/>
  <testcase classname="seleniumpractice.exc" name="goggle" time="6.215"/>
  <system-out/>
  <testcase classname="seleniumpractice.exc" name="goggle" time="5.863"/>
  <system-out/>
  <testcase classname="seleniumpractice.exc" name="goggle" time="6.531"/>
  <system-out/>
</testsuite> <!-- seleniumpractice.exc -->
