<?xml version="1.0" encoding="UTF-8"?>
<!-- Generated by org.testng.reporters.JUnitReportReporter -->
<testsuite hostname="DESKTOP-KVOUA9J" failures="0" tests="1" name="nullexception.te" time="1.574" errors="0" timestamp="2024-03-27T23:18:15 IST" skipped="0">
  <testcase classname="nullexception.te" name="se" time="1.574"/>
  <system-out/>
</testsuite> <!-- nullexception.te -->
