<?xml version="1.0" encoding="UTF-8"?>
<!-- Generated by org.testng.reporters.JUnitReportReporter -->
<testsuite hostname="DESKTOP-KVOUA9J" failures="0" tests="3" name="Shalendra.invocati" time="0.020" errors="0" timestamp="2023-12-19T00:59:19 IST" skipped="0">
  <testcase classname="Shalendra.invocati" name="msm" time="0.002"/>
  <system-out/>
  <testcase classname="Shalendra.invocati" name="msm" time="0.004"/>
  <system-out/>
  <testcase classname="Shalendra.invocati" name="msm" time="0.014"/>
  <system-out/>
</testsuite> <!-- Shalendra.invocati -->
